10:39:03 QUANTAXIS>>> start QUANTAXIS
10:39:03 QUANTAXIS>>> ip:127.0.0.1   port:27017
10:39:06 QUANTAXIS>>> Selecting the Best Server IP of TDX
10:39:07 QUANTAXIS>>> ===The BEST SERVER is :  180.153.39.51 ===
10:39:09 QUANTAXIS>>> Welcome to QUANTAXIS, the Version is 0.4.70
10:39:09 QUANTAXIS>>>  
 ```````````````````````````````````````````````````````````````````````````````````````````````````````````````````````` 
  ``########`````##````````##``````````##`````````####````````##```##########````````#``````##``````###```##`````######`` 
  `##``````## ```##````````##`````````####````````##`##```````##```````##```````````###``````##````##`````##```##`````##` 
  ##````````##```##````````##````````##`##````````##``##``````##```````##``````````####```````#```##``````##```##``````## 
  ##````````##```##````````##```````##```##```````##```##`````##```````##`````````##`##```````##`##```````##````##``````` 
  ##````````##```##````````##``````##`````##``````##````##````##```````##````````##``###```````###````````##`````##`````` 
  ##````````##```##````````##``````##``````##`````##`````##```##```````##```````##````##```````###````````##``````###```` 
  ##````````##```##````````##`````##````````##````##``````##``##```````##``````##``````##`````##`##```````##````````##``` 
  ##````````##```##````````##````#############````##```````##`##```````##`````###########`````##``##``````##`````````##`` 
  ###```````##```##````````##```##```````````##```##```````##`##```````##````##`````````##```##```##``````##```##`````##` 
  `##``````###````##``````###``##`````````````##``##````````####```````##```##``````````##``###````##`````##````##`````## 
  ``#########``````########```##``````````````###`##``````````##```````##``##````````````##`##``````##````##`````##````## 
  ````````#####`````````````````````````````````````````````````````````````````````````````````````````````````````####` 
  ``````````````````````````````````````````````````````````````````````````````````````````````````````````````````````` 
  ``````````````````````````Copyright``yutiansut``2017``````QUANTITATIVE FINANCIAL FRAMEWORK````````````````````````````` 
  ``````````````````````````````````````````````````````````````````````````````````````````````````````````````````````` 
 ```````````````````````````````````````````````````````````````````````````````````````````````````````````````````````` 
 ```````````````````````````````````````````````````````````````````````````````````````````````````````````````````````` 
 
