08:38:08 QUANTAXIS>>> start QUANTAXIS
08:38:08 QUANTAXIS>>> ip:127.0.0.1   port:27017
08:38:10 QUANTAXIS>>> Selecting the Best Server IP of TDX
08:38:11 QUANTAXIS>>> ===The BEST SERVER is :  218.75.126.9 ===
08:38:12 QUANTAXIS>>> Welcome to QUANTAXIS, the Version is 0.4.70
08:38:12 QUANTAXIS>>>  
 ```````````````````````````````````````````````````````````````````````````````````````````````````````````````````````` 
  ``########`````##````````##``````````##`````````####````````##```##########````````#``````##``````###```##`````######`` 
  `##``````## ```##````````##`````````####````````##`##```````##```````##```````````###``````##````##`````##```##`````##` 
  ##````````##```##````````##````````##`##````````##``##``````##```````##``````````####```````#```##``````##```##``````## 
  ##````````##```##````````##```````##```##```````##```##`````##```````##`````````##`##```````##`##```````##````##``````` 
  ##````````##```##````````##``````##`````##``````##````##````##```````##````````##``###```````###````````##`````##`````` 
  ##````````##```##````````##``````##``````##`````##`````##```##```````##```````##````##```````###````````##``````###```` 
  ##````````##```##````````##`````##````````##````##``````##``##```````##``````##``````##`````##`##```````##````````##``` 
  ##````````##```##````````##````#############````##```````##`##```````##`````###########`````##``##``````##`````````##`` 
  ###```````##```##````````##```##```````````##```##```````##`##```````##````##`````````##```##```##``````##```##`````##` 
  `##``````###````##``````###``##`````````````##``##````````####```````##```##``````````##``###````##`````##````##`````## 
  ``#########``````########```##``````````````###`##``````````##```````##``##````````````##`##``````##````##`````##````## 
  ````````#####`````````````````````````````````````````````````````````````````````````````````````````````````````####` 
  ``````````````````````````````````````````````````````````````````````````````````````````````````````````````````````` 
  ``````````````````````````Copyright``yutiansut``2017``````QUANTITATIVE FINANCIAL FRAMEWORK````````````````````````````` 
  ``````````````````````````````````````````````````````````````````````````````````````````````````````````````````````` 
 ```````````````````````````````````````````````````````````````````````````````````````````````````````````````````````` 
 ```````````````````````````````````````````````````````````````````````````````````````````````````````````````````````` 
 
