08:47:24 QUANTAXIS>>> start QUANTAXIS
08:47:24 QUANTAXIS>>> ip:127.0.0.1   port:27017
08:47:24 QUANTAXIS>>> Selecting the Best Server IP of TDX
08:47:30 QUANTAXIS>>> ===The BEST SERVER is :  115.238.90.165 ===
08:47:30 QUANTAXIS>>> Welcome to QUANTAXIS, the Version is 0.4.70
08:47:30 QUANTAXIS>>>  
 ```````````````````````````````````````````````````````````````````````````````````````````````````````````````````````` 
  ``########`````##````````##``````````##`````````####````````##```##########````````#``````##``````###```##`````######`` 
  `##``````## ```##````````##`````````####````````##`##```````##```````##```````````###``````##````##`````##```##`````##` 
  ##````````##```##````````##````````##`##````````##``##``````##```````##``````````####```````#```##``````##```##``````## 
  ##````````##```##````````##```````##```##```````##```##`````##```````##`````````##`##```````##`##```````##````##``````` 
  ##````````##```##````````##``````##`````##``````##````##````##```````##````````##``###```````###````````##`````##`````` 
  ##````````##```##````````##``````##``````##`````##`````##```##```````##```````##````##```````###````````##``````###```` 
  ##````````##```##````````##`````##````````##````##``````##``##```````##``````##``````##`````##`##```````##````````##``` 
  ##````````##```##````````##````#############````##```````##`##```````##`````###########`````##``##``````##`````````##`` 
  ###```````##```##````````##```##```````````##```##```````##`##```````##````##`````````##```##```##``````##```##`````##` 
  `##``````###````##``````###``##`````````````##``##````````####```````##```##``````````##``###````##`````##````##`````## 
  ``#########``````########```##``````````````###`##``````````##```````##``##````````````##`##``````##````##`````##````## 
  ````````#####`````````````````````````````````````````````````````````````````````````````````````````````````````####` 
  ``````````````````````````````````````````````````````````````````````````````````````````````````````````````````````` 
  ``````````````````````````Copyright``yutiansut``2017``````QUANTITATIVE FINANCIAL FRAMEWORK````````````````````````````` 
  ``````````````````````````````````````````````````````````````````````````````````````````````````````````````````````` 
 ```````````````````````````````````````````````````````````````````````````````````````````````````````````````````````` 
 ```````````````````````````````````````````````````````````````````````````````````````````````````````````````````````` 
 
