10:47:50 QUANTAXIS>>> start QUANTAXIS
10:47:50 QUANTAXIS>>> ip:127.0.0.1   port:27017
10:47:52 QUANTAXIS>>> Selecting the Best Server IP of TDX
10:47:54 QUANTAXIS>>> ===The BEST SERVER is :  180.153.39.51 ===
10:47:55 QUANTAXIS>>> Welcome to QUANTAXIS, the Version is 0.4.70
10:47:55 QUANTAXIS>>>  
 ```````````````````````````````````````````````````````````````````````````````````````````````````````````````````````` 
  ``########`````##````````##``````````##`````````####````````##```##########````````#``````##``````###```##`````######`` 
  `##``````## ```##````````##`````````####````````##`##```````##```````##```````````###``````##````##`````##```##`````##` 
  ##````````##```##````````##````````##`##````````##``##``````##```````##``````````####```````#```##``````##```##``````## 
  ##````````##```##````````##```````##```##```````##```##`````##```````##`````````##`##```````##`##```````##````##``````` 
  ##````````##```##````````##``````##`````##``````##````##````##```````##````````##``###```````###````````##`````##`````` 
  ##````````##```##````````##``````##``````##`````##`````##```##```````##```````##````##```````###````````##``````###```` 
  ##````````##```##````````##`````##````````##````##``````##``##```````##``````##``````##`````##`##```````##````````##``` 
  ##````````##```##````````##````#############````##```````##`##```````##`````###########`````##``##``````##`````````##`` 
  ###```````##```##````````##```##```````````##```##```````##`##```````##````##`````````##```##```##``````##```##`````##` 
  `##``````###````##``````###``##`````````````##``##````````####```````##```##``````````##``###````##`````##````##`````## 
  ``#########``````########```##``````````````###`##``````````##```````##``##````````````##`##``````##````##`````##````## 
  ````````#####`````````````````````````````````````````````````````````````````````````````````````````````````````####` 
  ``````````````````````````````````````````````````````````````````````````````````````````````````````````````````````` 
  ``````````````````````````Copyright``yutiansut``2017``````QUANTITATIVE FINANCIAL FRAMEWORK````````````````````````````` 
  ``````````````````````````````````````````````````````````````````````````````````````````````````````````````````````` 
 ```````````````````````````````````````````````````````````````````````````````````````````````````````````````````````` 
 ```````````````````````````````````````````````````````````````````````````````````````````````````````````````````````` 
 
